==1895919== Memcheck, a memory error detector
==1895919== Copyright (C) 2002-2017, and GNU GPL'd, by Julian Seward et al.
==1895919== Using Valgrind-3.18.1 and LibVEX; rerun with -h for copyright info
==1895919== Command: /usr/bin/wc
==1895919== Parent PID: 1895917
==1895919== 
==1895919== 
==1895919== FILE DESCRIPTORS: 2 open (0 std) at exit.
==1895919== Open file descriptor 4: /home/mzhivoto/42cursus/PROJECTS/GitHub/42school_Minishell/valg.log
==1895919==    <inherited from parent>
==1895919== 
==1895919== Open file descriptor 3: /home/mzhivoto/42cursus/PROJECTS/GitHub/42school_Minishell/valg.log
==1895919==    <inherited from parent>
==1895919== 
==1895919== 
==1895919== HEAP SUMMARY:
==1895919==     in use at exit: 0 bytes in 0 blocks
==1895919==   total heap usage: 47 allocs, 47 frees, 15,291 bytes allocated
==1895919== 
==1895919== All heap blocks were freed -- no leaks are possible
==1895919== 
==1895919== For lists of detected and suppressed errors, rerun with: -s
==1895919== ERROR SUMMARY: 0 errors from 0 contexts (suppressed: 0 from 0)
ecute (exec.c:181)
==1895916==    by 0x401424: shell_loop (main.c:53)
==1895916==    by 0x4014A3: main (main.c:71)
==1895916== 
==1895916== 8 bytes in 1 blocks are still reachable in loss record 4 of 80
==1895916==    at 0x4848899: malloc (in /usr/libexec/valgrind/vgpreload_memcheck-amd64-linux.so)
==1895916==    by 0x407A46: ft_calloc (in /home/mzhivoto/42cursus/PROJECTS/GitHub/42school_Minishell/minishell)
==1895916==    by 0x40540D: run_pipes (run_pipes.c:42)
==1895916==    by 0x403F6A: execute (exec.c:181)
==1895916==    by 0x401424: shell_loop (main.c:53)
==1895916==    by 0x4014A3: main (main.c:71)
==1895916== 
==1895916== 8 bytes in 1 blocks are still reachable in loss record 5 of 80
==1895916==    at 0x4848899: malloc (in /usr/libexec/valgrind/vgpreload_memcheck-amd64-linux.so)
==1895916==    by 0x407A46: ft_calloc (in /home/mzhivoto/42cursus/PROJECTS/GitHub/42school_Minishell/minishell)
==1895916==    by 0x405458: run_pipes (run_pipes.c:51)
==1895916==    by 0x403F6A: execute (exec.c:181)
==1895916==    by 0x401424: shell_loop (main.c:53)
==1895916==    by 0x4014A3: main (main.c:71)
==1895916== 
==1895916== 11 bytes in 3 blocks are still reachable in loss record 6 of 80
==1895916==    at 0x4848899: malloc (in /usr/libexec/valgrind/vgpreload_memcheck-amd64-linux.so)
==1895916==    by 0x407C89: ft_strdup (in /home/mzhivoto/42cursus/PROJECTS/GitHub/42school_Minishell/minishell)
==1895916==    by 0x4065B7: realloc_args (token_handlers.c:17)
==1895916==    by 0x40677A: handle_word_token (token_handlers.c:53)
==1895916==    by 0x405956: process_token (parser.c:58)
==1895916==    by 0x4059EE: parse_tokens (parser.c:80)
==1895916==    by 0x401401: shell_loop (main.c:50)
==1895916==    by 0x4014A3: main (main.c:71)
==1895916== 
==1895916== 13 bytes in 4 blocks are still reachable in loss record 13 of 80
==1895916==    at 0x4848899: malloc (in /usr/libexec/valgrind/vgpreload_memcheck-amd64-linux.so)
==1895916==    by 0x406A2D: remove_outer_quotes (clean_quotes.c:17)
==1895916==    by 0x4013F8: shell_loop (main.c:49)
==1895916==    by 0x4014A3: main (main.c:71)
==1895916== 
==1895916== 40 bytes in 2 blocks are still reachable in loss record 22 of 80
==1895916==    at 0x4848899: malloc (in /usr/libexec/valgrind/vgpreload_memcheck-amd64-linux.so)
==1895916==    by 0x40655B: realloc_args (token_handlers.c:9)
==1895916==    by 0x40677A: handle_word_token (token_handlers.c:53)
==1895916==    by 0x405956: process_token (parser.c:58)
==1895916==    by 0x4059EE: parse_tokens (parser.c:80)
==1895916==    by 0x401401: shell_loop (main.c:50)
==1895916==    by 0x4014A3: main (main.c:71)
==1895916== 
==1895916== 112 bytes in 2 blocks are still reachable in loss record 30 of 80
==1895916==    at 0x4848899: malloc (in /usr/libexec/valgrind/vgpreload_memcheck-amd64-linux.so)
==1895916==    by 0x405714: create_new_command (parser.c:7)
==1895916==    by 0x4057C5: add_command_to_chain (parser.c:24)
==1895916==    by 0x40587A: process_token (parser.c:42)
==1895916==    by 0x4059EE: parse_tokens (parser.c:80)
==1895916==    by 0x401401: shell_loop (main.c:50)
==1895916==    by 0x4014A3: main (main.c:71)
==1895916== 
==1895916== 128 bytes in 4 blocks are still reachable in loss record 31 of 80
==1895916==    at 0x4848899: malloc (in /usr/libexec/valgrind/vgpreload_memcheck-amd64-linux.so)
==1895916==    by 0x405A5A: create_token_node (tokenization.c:7)
==1895916==    by 0x405E7D: tokenize_input (tokenization.c:118)
==1895916==    by 0x401375: shell_loop (main.c:31)
==1895916==    by 0x4014A3: main (main.c:71)
==1895916== 
==1895916== 512 bytes in 1 blocks are still reachable in loss record 35 of 80
==1895916==    at 0x4848899: malloc (in /usr/libexec/valgrind/vgpreload_memcheck-amd64-linux.so)
==1895916==    by 0x407A46: ft_calloc (in /home/mzhivoto/42cursus/PROJECTS/GitHub/42school_Minishell/minishell)
==1895916==    by 0x40360E: update_envp_array (init_data.c:26)
==1895916==    by 0x403877: init_data (init_data.c:73)
==1895916==    by 0x401492: main (main.c:69)
==1895916== 
==1895916== 897 bytes in 63 blocks are still reachable in loss record 39 of 80
==1895916==    at 0x4848899: malloc (in /usr/libexec/valgrind/vgpreload_memcheck-amd64-linux.so)
==1895916==    by 0x408E51: ft_strndup (in /home/mzhivoto/42cursus/PROJECTS/GitHub/42school_Minishell/minishell)
==1895916==    by 0x40406E: create_env_node (utils_exec.c:36)
==1895916==    by 0x40359B: build_envp_list (init_data.c:11)
==1895916==    by 0x403857: init_data (init_data.c:71)
==1895916==    by 0x401492: main (main.c:69)
==1895916== 
==1895916== 1,512 bytes in 63 blocks are still reachable in loss record 49 of 80
==1895916==    at 0x4848899: malloc (in /usr/libexec/valgrind/vgpreload_memcheck-amd64-linux.so)
==1895916==    by 0x407A46: ft_calloc (in /home/mzhivoto/42cursus/PROJECTS/GitHub/42school_Minishell/minishell)
==1895916==    by 0x403FAE: init_node (utils_exec.c:7)
==1895916==    by 0x4040DD: create_env_node (utils_exec.c:50)
==1895916==    by 0x40359B: build_envp_list (init_data.c:11)
==1895916==    by 0x403857: init_data (init_data.c:71)
==1895916==    by 0x401492: main (main.c:69)
==1895916== 
==1895916== 2,993 bytes in 63 blocks are still reachable in loss record 54 of 80
==1895916==    at 0x4848899: malloc (in /usr/libexec/valgrind/vgpreload_memcheck-amd64-linux.so)
==1895916==    by 0x407C89: ft_strdup (in /home/mzhivoto/42cursus/PROJECTS/GitHub/42school_Minishell/minishell)
==1895916==    by 0x40409E: create_env_node (utils_exec.c:41)
==1895916==    by 0x40359B: build_envp_list (init_data.c:11)
==1895916==    by 0x403857: init_data (init_data.c:71)
==1895916==    by 0x401492: main (main.c:69)
==1895916== 
==1895916== 3,827 bytes in 63 blocks are still reachable in loss record 55 of 80
==1895916==    at 0x4848899: malloc (in /usr/libexec/valgrind/vgpreload_memcheck-amd64-linux.so)
==1895916==    by 0x408281: ft_strjoin (in /home/mzhivoto/42cursus/PROJECTS/GitHub/42school_Minishell/minishell)
==1895916==    by 0x403680: update_envp_array (init_data.c:34)
==1895916==    by 0x403877: init_data (init_data.c:73)
==1895916==    by 0x401492: main (main.c:69)
==1895916== 
==1895916== LEAK SUMMARY:
==1895916==    definitely lost: 0 bytes in 0 blocks
==1895916==    indirectly lost: 0 bytes in 0 blocks
==1895916==      possibly lost: 0 bytes in 0 blocks
==1895916==    still reachable: 10,069 bytes in 271 blocks
==1895916==         suppressed: 208,243 bytes in 226 blocks
==1895916== 
==1895916== For lists of detected and suppressed errors, rerun with: -s
==1895916== ERROR SUMMARY: 0 errors from 0 contexts (suppressed: 0 from 0)
==1895917== 
==1895917== FILE DESCRIPTORS: 4 open (3 std) at exit.
==1895917== Open file descriptor 3: /home/mzhivoto/42cursus/PROJECTS/GitHub/42school_Minishell/valg.log
==1895917==    <inherited from parent>
==1895917== 
==1895917== 
==1895917== HEAP SUMMARY:
==1895917==     in use at exit: 218,312 bytes in 497 blocks
==1895917==   total heap usage: 739 allocs, 242 frees, 239,336 bytes allocated
==1895917== 
==1895917== 8 bytes in 1 blocks are still reachable in loss record 3 of 80
==1895917==    at 0x4848899: malloc (in /usr/libexec/valgrind/vgpreload_memcheck-amd64-linux.so)
==1895917==    by 0x407A46: ft_calloc (in /home/mzhivoto/42cursus/PROJECTS/GitHub/42school_Minishell/minishell)
==1895917==    by 0x4053D0: run_pipes (run_pipes.c:35)
==1895917==    by 0x403F6A: execute (exec.c:181)
==1895917==    by 0x401424: shell_loop (main.c:53)
==1895917==    by 0x4014A3: main (main.c:71)
==1895917== 
==1895917== 8 bytes in 1 blocks are still reachable in loss record 4 of 80
==1895917==    at 0x4848899: malloc (in /usr/libexec/valgrind/vgpreload_memcheck-amd64-linux.so)
==1895917==    by 0x407A46: ft_calloc (in /home/mzhivoto/42cursus/PROJECTS/GitHub/42school_Minishell/minishell)
==1895917==    by 0x40540D: run_pipes (run_pipes.c:42)
==1895917==    by 0x403F6A: execute (exec.c:181)
==1895917==    by 0x401424: shell_loop (main.c:53)
==1895917==    by 0x4014A3: main (main.c:71)
==1895917== 
==1895917== 8 bytes in 1 blocks are still reachable in loss record 5 of 80
==1895917==    at 0x4848899: malloc (in /usr/libexec/valgrind/vgpreload_memcheck-amd64-linux.so)
==1895917==    by 0x407A46: ft_calloc (in /home/mzhivoto/42cursus/PROJECTS/GitHub/42school_Minishell/minishell)
==1895917==    by 0x405458: run_pipes (run_pipes.c:51)
==1895917==    by 0x403F6A: execute (exec.c:181)
==1895917==    by 0x401424: shell_loop (main.c:53)
==1895917==    by 0x4014A3: main (main.c:71)
==1895917== 
==1895917== 11 bytes in 3 blocks are still reachable in loss record 6 of 80
==1895917==    at 0x4848899: malloc (in /usr/libexec/valgrind/vgpreload_memcheck-amd64-linux.so)
==1895917==    by 0x407C89: ft_strdup (in /home/mzhivoto/42cursus/PROJECTS/GitHub/42school_Minishell/minishell)
==1895917==    by 0x4065B7: realloc_args (token_handlers.c:17)
==1895917==    by 0x40677A: handle_word_token (token_handlers.c:53)
==1895917==    by 0x405956: process_token (parser.c:58)
==1895917==    by 0x4059EE: parse_tokens (parser.c:80)
==1895917==    by 0x401401: shell_loop (main.c:50)
==1895917==    by 0x4014A3: main (main.c:71)
==1895917== 
==1895917== 13 bytes in 4 blocks are still reachable in loss record 13 of 80
==1895917==    at 0x4848899: malloc (in /usr/libexec/valgrind/vgpreload_memcheck-amd64-linux.so)
==1895917==    by 0x406A2D: remove_outer_quotes (clean_quotes.c:17)
==1895917==    by 0x4013F8: shell_loop (main.c:49)
==1895917==    by 0x4014A3: main (main.c:71)
==1895917== 
==1895917== 40 bytes in 2 blocks are still reachable in loss record 22 of 80
==1895917==    at 0x4848899: malloc (in /usr/libexec/valgrind/vgpreload_memcheck-amd64-linux.so)
==1895917==    by 0x40655B: realloc_args (token_handlers.c:9)
==1895917==    by 0x40677A: handle_word_token (token_handlers.c:53)
==1895917==    by 0x405956: process_token (parser.c:58)
==1895917==    by 0x4059EE: parse_tokens (parser.c:80)
==1895917==    by 0x401401: shell_loop (main.c:50)
==1895917==    by 0x4014A3: main (main.c:71)
==1895917== 
==1895917== 112 bytes in 2 blocks are still reachable in loss record 30 of 80
==1895917==    at 0x4848899: malloc (in /usr/libexec/valgrind/vgpreload_memcheck-amd64-linux.so)
==1895917==    by 0x405714: create_new_command (parser.c:7)
==1895917==    by 0x4057C5: add_command_to_chain (parser.c:24)
==1895917==    by 0x40587A: process_token (parser.c:42)
==1895917==    by 0x4059EE: parse_tokens (parser.c:80)
==1895917==    by 0x401401: shell_loop (main.c:50)
==1895917==    by 0x4014A3: main (main.c:71)
==1895917== 
==1895917== 128 bytes in 4 blocks are still reachable in loss record 31 of 80
==1895917==    at 0x4848899: malloc (in /usr/libexec/valgrind/vgpreload_memcheck-amd64-linux.so)
==1895917==    by 0x405A5A: create_token_node (tokenization.c:7)
==1895917==    by 0x405E7D: tokenize_input (tokenization.c:118)
==1895917==    by 0x401375: shell_loop (main.c:31)
==1895917==    by 0x4014A3: main (main.c:71)
==1895917== 
==1895917== 512 bytes in 1 blocks are still reachable in loss record 35 of 80
==1895917==    at 0x4848899: malloc (in /usr/libexec/valgrind/vgpreload_memcheck-amd64-linux.so)
==1895917==    by 0x407A46: ft_calloc (in /home/mzhivoto/42cursus/PROJECTS/GitHub/42school_Minishell/minishell)
==1895917==    by 0x40360E: update_envp_array (init_data.c:26)
==1895917==    by 0x403877: init_data (init_data.c:73)
==1895917==    by 0x401492: main (main.c:69)
==1895917== 
==1895917== 897 bytes in 63 blocks are still reachable in loss record 39 of 80
==1895917==    at 0x4848899: malloc (in /usr/libexec/valgrind/vgpreload_memcheck-amd64-linux.so)
==1895917==    by 0x408E51: ft_strndup (in /home/mzhivoto/42cursus/PROJECTS/GitHub/42school_Minishell/minishell)
==1895917==    by 0x40406E: create_env_node (utils_exec.c:36)
==1895917==    by 0x40359B: build_envp_list (init_data.c:11)
==1895917==    by 0x403857: init_data (init_data.c:71)
==1895917==    by 0x401492: main (main.c:69)
==1895917== 
==1895917== 1,512 bytes in 63 blocks are still reachable in loss record 49 of 80
==1895917==    at 0x4848899: malloc (in /usr/libexec/valgrind/vgpreload_memcheck-amd64-linux.so)
==1895917==    by 0x407A46: ft_calloc (in /home/mzhivoto/42cursus/PROJECTS/GitHub/42school_Minishell/minishell)
==1895917==    by 0x403FAE: init_node (utils_exec.c:7)
==1895917==    by 0x4040DD: create_env_node (utils_exec.c:50)
==1895917==    by 0x40359B: build_envp_list (init_data.c:11)
==1895917==    by 0x403857: init_data (init_data.c:71)
==1895917==    by 0x401492: main (main.c:69)
==1895917== 
==1895917== 2,993 bytes in 63 blocks are still reachable in loss record 54 of 80
==1895917==    at 0x4848899: malloc (in /usr/libexec/valgrind/vgpreload_memcheck-amd64-linux.so)
==1895917==    by 0x407C89: ft_strdup (in /home/mzhivoto/42cursus/PROJECTS/GitHub/42school_Minishell/minishell)
==1895917==    by 0x40409E: create_env_node (utils_exec.c:41)
==1895917==    by 0x40359B: build_envp_list (init_data.c:11)
==1895917==    by 0x403857: init_data (init_data.c:71)
==1895917==    by 0x401492: main (main.c:69)
==1895917== 
==1895917== 3,827 bytes in 63 blocks are still reachable in loss record 55 of 80
==1895917==    at 0x4848899: malloc (in /usr/libexec/valgrind/vgpreload_memcheck-amd64-linux.so)
==1895917==    by 0x408281: ft_strjoin (in /home/mzhivoto/42cursus/PROJECTS/GitHub/42school_Minishell/minishell)
==1895917==    by 0x403680: update_envp_array (init_data.c:34)
==1895917==    by 0x403877: init_data (init_data.c:73)
==1895917==    by 0x401492: main (main.c:69)
==1895917== 
==1895917== LEAK SUMMARY:
==1895917==    definitely lost: 0 bytes in 0 blocks
==1895917==    indirectly lost: 0 bytes in 0 blocks
==1895917==      possibly lost: 0 bytes in 0 blocks
==1895917==    still reachable: 10,069 bytes in 271 blocks
==1895917==         suppressed: 208,243 bytes in 226 blocks
==1895917== 
==1895917== For lists of detected and suppressed errors, rerun with: -s
==1895917== ERROR SUMMARY: 0 errors from 0 contexts (suppressed: 0 from 0)
